Migration log: https://westcityboxing.nz
Info, Error
[02-07-2024 03:37:48] ->Info: Creating table
[02-07-2024 03:37:48] ->Info: Table created
[02-07-2024 03:38:15] ->Info: Creating table
[02-07-2024 03:38:15] ->Info: Table created
[19-02-2025 03:55:26] ->Info: `migrate_logs` Have old logs
[19-02-2025 03:55:26] ->Info: `get_old_logs` Log IDs: 1206,1211,1212,1213,1214,1215,1216,1217,1218,1219,1220,1221,1222,1223,1224,1226,1228,1229,1230,1232,1233,1234
[19-02-2025 03:55:26] ->Info: `get_old_logs` Logs Meta 
[19-02-2025 03:55:26] ->Info: `get_old_logs` Prepared Logs
[19-02-2025 03:55:26] ->Info: `migrate_logs` Remove extra keys if contains: Array
(
    [0] => solution
    [1] => time
    [2] => success
    [3] => from_header
    [4] => to_header
    [5] => transport_uri
    [6] => original_to
    [7] => original_subject
    [8] => original_message
    [9] => original_headers
    [10] => session_transcript
)

[19-02-2025 03:55:26] ->Info: `migrate_logs` Migrating Log: Array
(
    [0] => solution
    [1] => time
    [2] => success
    [3] => from_header
    [4] => to_header
    [5] => transport_uri
    [6] => original_to
    [7] => original_subject
    [8] => original_message
    [9] => original_headers
    [10] => session_transcript
)

[19-02-2025 03:55:26] ->Info: `migrate_logs` Log migrated
[19-02-2025 03:55:26] ->Info: `migrate_logs` Remove extra keys if contains: Array
(
    [0] => solution
    [1] => time
    [2] => success
    [3] => from_header
    [4] => to_header
    [5] => cc_header
    [6] => reply_to_header
    [7] => transport_uri
    [8] => original_to
    [9] => original_subject
    [10] => original_message
    [11] => original_headers
    [12] => session_transcript
)

[19-02-2025 03:55:26] ->Info: `migrate_logs` Migrating Log: Array
(
    [0] => solution
    [1] => time
    [2] => success
    [3] => from_header
    [4] => to_header
    [5] => cc_header
    [6] => reply_to_header
    [7] => transport_uri
    [8] => original_to
    [9] => original_subject
    [10] => original_message
    [11] => original_headers
    [12] => session_transcript
)

[19-02-2025 03:55:26] ->Info: `migrate_logs` Log migrated
[19-02-2025 03:55:26] ->Info: `migrate_logs` Remove extra keys if contains: Array
(
    [0] => solution
    [1] => time
    [2] => success
    [3] => from_header
    [4] => to_header
    [5] => cc_header
    [6] => reply_to_header
    [7] => transport_uri
    [8] => original_to
    [9] => original_subject
    [10] => original_message
    [11] => original_headers
    [12] => session_transcript
)

[19-02-2025 03:55:26] ->Info: `migrate_logs` Migrating Log: Array
(
    [0] => solution
    [1] => time
    [2] => success
    [3] => from_header
    [4] => to_header
    [5] => cc_header
    [6] => reply_to_header
    [7] => transport_uri
    [8] => original_to
    [9] => original_subject
    [10] => original_message
    [11] => original_headers
    [12] => session_transcript
)

[19-02-2025 03:55:26] ->Info: `migrate_logs` Log migrated
[19-02-2025 03:55:26] ->Info: `migrate_logs` Remove extra keys if contains: Array
(
    [0] => solution
    [1] => time
    [2] => success
    [3] => from_header
    [4] => to_header
    [5] => cc_header
    [6] => reply_to_header
    [7] => transport_uri
    [8] => original_to
    [9] => original_subject
    [10] => original_message
    [11] => original_headers
    [12] => session_transcript
)

[19-02-2025 03:55:26] ->Info: `migrate_logs` Migrating Log: Array
(
    [0] => solution
    [1] => time
    [2] => success
    [3] => from_header
    [4] => to_header
    [5] => cc_header
    [6] => reply_to_header
    [7] => transport_uri
    [8] => original_to
    [9] => original_subject
    [10] => original_message
    [11] => original_headers
    [12] => session_transcript
)

[19-02-2025 03:55:26] ->Info: `migrate_logs` Log migrated
[19-02-2025 03:55:26] ->Info: `migrate_logs` Remove extra keys if contains: Array
(
    [0] => solution
    [1] => time
    [2] => success
    [3] => from_header
    [4] => to_header
    [5] => cc_header
    [6] => reply_to_header
    [7] => transport_uri
    [8] => original_to
    [9] => original_subject
    [10] => original_message
    [11] => original_headers
    [12] => session_transcript
)

[19-02-2025 03:55:26] ->Info: `migrate_logs` Migrating Log: Array
(
    [0] => solution
    [1] => time
    [2] => success
    [3] => from_header
    [4] => to_header
    [5] => cc_header
    [6] => reply_to_header
    [7] => transport_uri
    [8] => original_to
    [9] => original_subject
    [10] => original_message
    [11] => original_headers
    [12] => session_transcript
)

[19-02-2025 03:55:26] ->Info: `migrate_logs` Log migrated
[19-02-2025 03:55:26] ->Info: `migrate_logs` Remove extra keys if contains: Array
(
    [0] => solution
    [1] => time
    [2] => success
    [3] => from_header
    [4] => to_header
    [5] => cc_header
    [6] => reply_to_header
    [7] => transport_uri
    [8] => original_to
    [9] => original_subject
    [10] => original_message
    [11] => original_headers
    [12] => session_transcript
)

[19-02-2025 03:55:26] ->Info: `migrate_logs` Migrating Log: Array
(
    [0] => solution
    [1] => time
    [2] => success
    [3] => from_header
    [4] => to_header
    [5] => cc_header
    [6] => reply_to_header
    [7] => transport_uri
    [8] => original_to
    [9] => original_subject
    [10] => original_message
    [11] => original_headers
    [12] => session_transcript
)

[19-02-2025 03:55:26] ->Info: `migrate_logs` Log migrated
[19-02-2025 03:55:26] ->Info: `migrate_logs` Remove extra keys if contains: Array
(
    [0] => solution
    [1] => time
    [2] => success
    [3] => from_header
    [4] => to_header
    [5] => cc_header
    [6] => reply_to_header
    [7] => transport_uri
    [8] => original_to
    [9] => original_subject
    [10] => original_message
    [11] => original_headers
    [12] => session_transcript
)

[19-02-2025 03:55:26] ->Info: `migrate_logs` Migrating Log: Array
(
    [0] => solution
    [1] => time
    [2] => success
    [3] => from_header
    [4] => to_header
    [5] => cc_header
    [6] => reply_to_header
    [7] => transport_uri
    [8] => original_to
    [9] => original_subject
    [10] => original_message
    [11] => original_headers
    [12] => session_transcript
)

[19-02-2025 03:55:26] ->Info: `migrate_logs` Log migrated
[19-02-2025 03:55:26] ->Info: `migrate_logs` Remove extra keys if contains: Array
(
    [0] => solution
    [1] => time
    [2] => success
    [3] => from_header
    [4] => to_header
    [5] => cc_header
    [6] => reply_to_header
    [7] => transport_uri
    [8] => original_to
    [9] => original_subject
    [10] => original_message
    [11] => original_headers
    [12] => session_transcript
)

[19-02-2025 03:55:26] ->Info: `migrate_logs` Migrating Log: Array
(
    [0] => solution
    [1] => time
    [2] => success
    [3] => from_header
    [4] => to_header
    [5] => cc_header
    [6] => reply_to_header
    [7] => transport_uri
    [8] => original_to
    [9] => original_subject
    [10] => original_message
    [11] => original_headers
    [12] => session_transcript
)

[19-02-2025 03:55:26] ->Info: `migrate_logs` Log migrated
[19-02-2025 03:55:26] ->Info: `migrate_logs` Remove extra keys if contains: Array
(
    [0] => solution
    [1] => time
    [2] => success
    [3] => from_header
    [4] => to_header
    [5] => cc_header
    [6] => reply_to_header
    [7] => transport_uri
    [8] => original_to
    [9] => original_subject
    [10] => original_message
    [11] => original_headers
    [12] => session_transcript
)

[19-02-2025 03:55:26] ->Info: `migrate_logs` Migrating Log: Array
(
    [0] => solution
    [1] => time
    [2] => success
    [3] => from_header
    [4] => to_header
    [5] => cc_header
    [6] => reply_to_header
    [7] => transport_uri
    [8] => original_to
    [9] => original_subject
    [10] => original_message
    [11] => original_headers
    [12] => session_transcript
)

[19-02-2025 03:55:26] ->Info: `migrate_logs` Log migrated
[19-02-2025 03:55:26] ->Info: `migrate_logs` Remove extra keys if contains: Array
(
    [0] => solution
    [1] => time
    [2] => success
    [3] => from_header
    [4] => to_header
    [5] => cc_header
    [6] => reply_to_header
    [7] => transport_uri
    [8] => original_to
    [9] => original_subject
    [10] => original_message
    [11] => original_headers
    [12] => session_transcript
)

[19-02-2025 03:55:26] ->Info: `migrate_logs` Migrating Log: Array
(
    [0] => solution
    [1] => time
    [2] => success
    [3] => from_header
    [4] => to_header
    [5] => cc_header
    [6] => reply_to_header
    [7] => transport_uri
    [8] => original_to
    [9] => original_subject
    [10] => original_message
    [11] => original_headers
    [12] => session_transcript
)

[19-02-2025 03:55:26] ->Info: `migrate_logs` Log migrated
[19-02-2025 03:55:26] ->Info: `migrate_logs` Remove extra keys if contains: Array
(
    [0] => solution
    [1] => time
    [2] => success
    [3] => from_header
    [4] => to_header
    [5] => cc_header
    [6] => reply_to_header
    [7] => transport_uri
    [8] => original_to
    [9] => original_subject
    [10] => original_message
    [11] => original_headers
    [12] => session_transcript
)

[19-02-2025 03:55:26] ->Info: `migrate_logs` Migrating Log: Array
(
    [0] => solution
    [1] => time
    [2] => success
    [3] => from_header
    [4] => to_header
    [5] => cc_header
    [6] => reply_to_header
    [7] => transport_uri
    [8] => original_to
    [9] => original_subject
    [10] => original_message
    [11] => original_headers
    [12] => session_transcript
)

[19-02-2025 03:55:26] ->Info: `migrate_logs` Log migrated
[19-02-2025 03:55:26] ->Info: `migrate_logs` Remove extra keys if contains: Array
(
    [0] => solution
    [1] => time
    [2] => success
    [3] => from_header
    [4] => to_header
    [5] => cc_header
    [6] => reply_to_header
    [7] => transport_uri
    [8] => original_to
    [9] => original_subject
    [10] => original_message
    [11] => original_headers
    [12] => session_transcript
)

[19-02-2025 03:55:26] ->Info: `migrate_logs` Migrating Log: Array
(
    [0] => solution
    [1] => time
    [2] => success
    [3] => from_header
    [4] => to_header
    [5] => cc_header
    [6] => reply_to_header
    [7] => transport_uri
    [8] => original_to
    [9] => original_subject
    [10] => original_message
    [11] => original_headers
    [12] => session_transcript
)

[19-02-2025 03:55:26] ->Info: `migrate_logs` Log migrated
[19-02-2025 03:55:26] ->Info: `migrate_logs` Remove extra keys if contains: Array
(
    [0] => solution
    [1] => time
    [2] => success
    [3] => from_header
    [4] => to_header
    [5] => cc_header
    [6] => reply_to_header
    [7] => transport_uri
    [8] => original_to
    [9] => original_subject
    [10] => original_message
    [11] => original_headers
    [12] => session_transcript
)

[19-02-2025 03:55:26] ->Info: `migrate_logs` Migrating Log: Array
(
    [0] => solution
    [1] => time
    [2] => success
    [3] => from_header
    [4] => to_header
    [5] => cc_header
    [6] => reply_to_header
    [7] => transport_uri
    [8] => original_to
    [9] => original_subject
    [10] => original_message
    [11] => original_headers
    [12] => session_transcript
)

[19-02-2025 03:55:26] ->Info: `migrate_logs` Log migrated
[19-02-2025 03:55:26] ->Info: `migrate_logs` Remove extra keys if contains: Array
(
    [0] => solution
    [1] => time
    [2] => success
    [3] => from_header
    [4] => to_header
    [5] => cc_header
    [6] => reply_to_header
    [7] => transport_uri
    [8] => original_to
    [9] => original_subject
    [10] => original_message
    [11] => original_headers
    [12] => session_transcript
)

[19-02-2025 03:55:26] ->Info: `migrate_logs` Migrating Log: Array
(
    [0] => solution
    [1] => time
    [2] => success
    [3] => from_header
    [4] => to_header
    [5] => cc_header
    [6] => reply_to_header
    [7] => transport_uri
    [8] => original_to
    [9] => original_subject
    [10] => original_message
    [11] => original_headers
    [12] => session_transcript
)

[19-02-2025 03:55:26] ->Info: `migrate_logs` Log migrated
[19-02-2025 03:55:26] ->Info: `migrate_logs` Remove extra keys if contains: Array
(
    [0] => solution
    [1] => time
    [2] => success
    [3] => from_header
    [4] => to_header
    [5] => cc_header
    [6] => reply_to_header
    [7] => transport_uri
    [8] => original_to
    [9] => original_subject
    [10] => original_message
    [11] => original_headers
    [12] => session_transcript
)

[19-02-2025 03:55:26] ->Info: `migrate_logs` Migrating Log: Array
(
    [0] => solution
    [1] => time
    [2] => success
    [3] => from_header
    [4] => to_header
    [5] => cc_header
    [6] => reply_to_header
    [7] => transport_uri
    [8] => original_to
    [9] => original_subject
    [10] => original_message
    [11] => original_headers
    [12] => session_transcript
)

[19-02-2025 03:55:26] ->Info: `migrate_logs` Log migrated
[19-02-2025 03:55:26] ->Info: `migrate_logs` Remove extra keys if contains: Array
(
    [0] => solution
    [1] => time
    [2] => success
    [3] => from_header
    [4] => to_header
    [5] => transport_uri
    [6] => original_to
    [7] => original_subject
    [8] => original_message
    [9] => original_headers
    [10] => session_transcript
)

[19-02-2025 03:55:26] ->Info: `migrate_logs` Migrating Log: Array
(
    [0] => solution
    [1] => time
    [2] => success
    [3] => from_header
    [4] => to_header
    [5] => transport_uri
    [6] => original_to
    [7] => original_subject
    [8] => original_message
    [9] => original_headers
    [10] => session_transcript
)

[19-02-2025 03:55:26] ->Info: `migrate_logs` Log migrated
[19-02-2025 03:55:26] ->Info: `migrate_logs` Remove extra keys if contains: Array
(
    [0] => solution
    [1] => time
    [2] => success
    [3] => from_header
    [4] => to_header
    [5] => transport_uri
    [6] => original_to
    [7] => original_subject
    [8] => original_message
    [9] => original_headers
    [10] => session_transcript
)

[19-02-2025 03:55:26] ->Info: `migrate_logs` Migrating Log: Array
(
    [0] => solution
    [1] => time
    [2] => success
    [3] => from_header
    [4] => to_header
    [5] => transport_uri
    [6] => original_to
    [7] => original_subject
    [8] => original_message
    [9] => original_headers
    [10] => session_transcript
)

[19-02-2025 03:55:26] ->Info: `migrate_logs` Log migrated
[19-02-2025 03:55:26] ->Info: `migrate_logs` Remove extra keys if contains: Array
(
    [0] => solution
    [1] => time
    [2] => success
    [3] => from_header
    [4] => to_header
    [5] => cc_header
    [6] => reply_to_header
    [7] => transport_uri
    [8] => original_to
    [9] => original_subject
    [10] => original_message
    [11] => original_headers
    [12] => session_transcript
)

[19-02-2025 03:55:26] ->Info: `migrate_logs` Migrating Log: Array
(
    [0] => solution
    [1] => time
    [2] => success
    [3] => from_header
    [4] => to_header
    [5] => cc_header
    [6] => reply_to_header
    [7] => transport_uri
    [8] => original_to
    [9] => original_subject
    [10] => original_message
    [11] => original_headers
    [12] => session_transcript
)

[19-02-2025 03:55:26] ->Info: `migrate_logs` Log migrated
[19-02-2025 03:55:26] ->Info: `migrate_logs` Remove extra keys if contains: Array
(
    [0] => solution
    [1] => time
    [2] => success
    [3] => from_header
    [4] => to_header
    [5] => cc_header
    [6] => reply_to_header
    [7] => transport_uri
    [8] => original_to
    [9] => original_subject
    [10] => original_message
    [11] => original_headers
    [12] => session_transcript
)

[19-02-2025 03:55:26] ->Info: `migrate_logs` Migrating Log: Array
(
    [0] => solution
    [1] => time
    [2] => success
    [3] => from_header
    [4] => to_header
    [5] => cc_header
    [6] => reply_to_header
    [7] => transport_uri
    [8] => original_to
    [9] => original_subject
    [10] => original_message
    [11] => original_headers
    [12] => session_transcript
)

[19-02-2025 03:55:26] ->Info: `migrate_logs` Log migrated
[19-02-2025 03:55:26] ->Info: `migrate_logs` Remove extra keys if contains: Array
(
    [0] => solution
    [1] => time
    [2] => success
    [3] => from_header
    [4] => to_header
    [5] => cc_header
    [6] => reply_to_header
    [7] => transport_uri
    [8] => original_to
    [9] => original_subject
    [10] => original_message
    [11] => original_headers
    [12] => session_transcript
)

[19-02-2025 03:55:26] ->Info: `migrate_logs` Migrating Log: Array
(
    [0] => solution
    [1] => time
    [2] => success
    [3] => from_header
    [4] => to_header
    [5] => cc_header
    [6] => reply_to_header
    [7] => transport_uri
    [8] => original_to
    [9] => original_subject
    [10] => original_message
    [11] => original_headers
    [12] => session_transcript
)

[19-02-2025 03:55:26] ->Info: `migrate_logs` Log migrated
[19-02-2025 03:55:26] ->Info: `migrate_logs` Remove extra keys if contains: Array
(
    [0] => solution
    [1] => time
    [2] => success
    [3] => from_header
    [4] => to_header
    [5] => cc_header
    [6] => reply_to_header
    [7] => transport_uri
    [8] => original_to
    [9] => original_subject
    [10] => original_message
    [11] => original_headers
    [12] => session_transcript
)

[19-02-2025 03:55:26] ->Info: `migrate_logs` Migrating Log: Array
(
    [0] => solution
    [1] => time
    [2] => success
    [3] => from_header
    [4] => to_header
    [5] => cc_header
    [6] => reply_to_header
    [7] => transport_uri
    [8] => original_to
    [9] => original_subject
    [10] => original_message
    [11] => original_headers
    [12] => session_transcript
)

[19-02-2025 03:55:26] ->Info: `migrate_logs` Log migrated
[19-02-2025 03:55:26] ->Info: `migrate_logs` Remove extra keys if contains: Array
(
    [0] => solution
    [1] => time
    [2] => success
    [3] => from_header
    [4] => to_header
    [5] => cc_header
    [6] => reply_to_header
    [7] => transport_uri
    [8] => original_to
    [9] => original_subject
    [10] => original_message
    [11] => original_headers
    [12] => session_transcript
)

[19-02-2025 03:55:26] ->Info: `migrate_logs` Migrating Log: Array
(
    [0] => solution
    [1] => time
    [2] => success
    [3] => from_header
    [4] => to_header
    [5] => cc_header
    [6] => reply_to_header
    [7] => transport_uri
    [8] => original_to
    [9] => original_subject
    [10] => original_message
    [11] => original_headers
    [12] => session_transcript
)

[19-02-2025 03:55:26] ->Info: `migrate_logs` Log migrated
[19-02-2025 03:55:26] ->Info: `migrate_logs` All logs migrated
[14-07-2025 09:11:51] ->Info: Creating table
[14-07-2025 09:11:51] ->Info: Table created
[14-07-2025 12:46:26] ->Info: `migrate_logs` Have old logs
[14-07-2025 12:46:26] ->Info: `get_old_logs` Log IDs: 1206,1211,1212,1213,1214,1215,1216,1217,1218,1219,1220,1221,1222,1223,1224,1226,1228,1229,1230,1232,1233,1234
[14-07-2025 12:46:26] ->Info: `get_old_logs` Logs Meta 
[14-07-2025 12:46:26] ->Info: `get_old_logs` Prepared Logs
[14-07-2025 12:46:26] ->Info: `migrate_logs` Remove extra keys if contains: Array
(
    [0] => solution
    [1] => time
    [2] => success
    [3] => from_header
    [4] => to_header
    [5] => transport_uri
    [6] => original_to
    [7] => original_subject
    [8] => original_message
    [9] => original_headers
    [10] => session_transcript
)

[14-07-2025 12:46:26] ->Info: `migrate_logs` Migrating Log: Array
(
    [0] => solution
    [1] => time
    [2] => success
    [3] => from_header
    [4] => to_header
    [5] => transport_uri
    [6] => original_to
    [7] => original_subject
    [8] => original_message
    [9] => original_headers
    [10] => session_transcript
)

[14-07-2025 12:46:26] ->Info: `migrate_logs` Log migrated
[14-07-2025 12:46:26] ->Info: `migrate_logs` Remove extra keys if contains: Array
(
    [0] => solution
    [1] => time
    [2] => success
    [3] => from_header
    [4] => to_header
    [5] => cc_header
    [6] => reply_to_header
    [7] => transport_uri
    [8] => original_to
    [9] => original_subject
    [10] => original_message
    [11] => original_headers
    [12] => session_transcript
)

[14-07-2025 12:46:26] ->Info: `migrate_logs` Migrating Log: Array
(
    [0] => solution
    [1] => time
    [2] => success
    [3] => from_header
    [4] => to_header
    [5] => cc_header
    [6] => reply_to_header
    [7] => transport_uri
    [8] => original_to
    [9] => original_subject
    [10] => original_message
    [11] => original_headers
    [12] => session_transcript
)

[14-07-2025 12:46:26] ->Info: `migrate_logs` Log migrated
[14-07-2025 12:46:26] ->Info: `migrate_logs` Remove extra keys if contains: Array
(
    [0] => solution
    [1] => time
    [2] => success
    [3] => from_header
    [4] => to_header
    [5] => cc_header
    [6] => reply_to_header
    [7] => transport_uri
    [8] => original_to
    [9] => original_subject
    [10] => original_message
    [11] => original_headers
    [12] => session_transcript
)

[14-07-2025 12:46:26] ->Info: `migrate_logs` Migrating Log: Array
(
    [0] => solution
    [1] => time
    [2] => success
    [3] => from_header
    [4] => to_header
    [5] => cc_header
    [6] => reply_to_header
    [7] => transport_uri
    [8] => original_to
    [9] => original_subject
    [10] => original_message
    [11] => original_headers
    [12] => session_transcript
)

[14-07-2025 12:46:26] ->Info: `migrate_logs` Log migrated
[14-07-2025 12:46:26] ->Info: `migrate_logs` Remove extra keys if contains: Array
(
    [0] => solution
    [1] => time
    [2] => success
    [3] => from_header
    [4] => to_header
    [5] => cc_header
    [6] => reply_to_header
    [7] => transport_uri
    [8] => original_to
    [9] => original_subject
    [10] => original_message
    [11] => original_headers
    [12] => session_transcript
)

[14-07-2025 12:46:26] ->Info: `migrate_logs` Migrating Log: Array
(
    [0] => solution
    [1] => time
    [2] => success
    [3] => from_header
    [4] => to_header
    [5] => cc_header
    [6] => reply_to_header
    [7] => transport_uri
    [8] => original_to
    [9] => original_subject
    [10] => original_message
    [11] => original_headers
    [12] => session_transcript
)

[14-07-2025 12:46:26] ->Info: `migrate_logs` Log migrated
[14-07-2025 12:46:26] ->Info: `migrate_logs` Remove extra keys if contains: Array
(
    [0] => solution
    [1] => time
    [2] => success
    [3] => from_header
    [4] => to_header
    [5] => cc_header
    [6] => reply_to_header
    [7] => transport_uri
    [8] => original_to
    [9] => original_subject
    [10] => original_message
    [11] => original_headers
    [12] => session_transcript
)

[14-07-2025 12:46:26] ->Info: `migrate_logs` Migrating Log: Array
(
    [0] => solution
    [1] => time
    [2] => success
    [3] => from_header
    [4] => to_header
    [5] => cc_header
    [6] => reply_to_header
    [7] => transport_uri
    [8] => original_to
    [9] => original_subject
    [10] => original_message
    [11] => original_headers
    [12] => session_transcript
)

[14-07-2025 12:46:26] ->Info: `migrate_logs` Log migrated
[14-07-2025 12:46:26] ->Info: `migrate_logs` Remove extra keys if contains: Array
(
    [0] => solution
    [1] => time
    [2] => success
    [3] => from_header
    [4] => to_header
    [5] => cc_header
    [6] => reply_to_header
    [7] => transport_uri
    [8] => original_to
    [9] => original_subject
    [10] => original_message
    [11] => original_headers
    [12] => session_transcript
)

[14-07-2025 12:46:26] ->Info: `migrate_logs` Migrating Log: Array
(
    [0] => solution
    [1] => time
    [2] => success
    [3] => from_header
    [4] => to_header
    [5] => cc_header
    [6] => reply_to_header
    [7] => transport_uri
    [8] => original_to
    [9] => original_subject
    [10] => original_message
    [11] => original_headers
    [12] => session_transcript
)

[14-07-2025 12:46:26] ->Info: `migrate_logs` Log migrated
[14-07-2025 12:46:26] ->Info: `migrate_logs` Remove extra keys if contains: Array
(
    [0] => solution
    [1] => time
    [2] => success
    [3] => from_header
    [4] => to_header
    [5] => cc_header
    [6] => reply_to_header
    [7] => transport_uri
    [8] => original_to
    [9] => original_subject
    [10] => original_message
    [11] => original_headers
    [12] => session_transcript
)

[14-07-2025 12:46:26] ->Info: `migrate_logs` Migrating Log: Array
(
    [0] => solution
    [1] => time
    [2] => success
    [3] => from_header
    [4] => to_header
    [5] => cc_header
    [6] => reply_to_header
    [7] => transport_uri
    [8] => original_to
    [9] => original_subject
    [10] => original_message
    [11] => original_headers
    [12] => session_transcript
)

[14-07-2025 12:46:26] ->Info: `migrate_logs` Log migrated
[14-07-2025 12:46:26] ->Info: `migrate_logs` Remove extra keys if contains: Array
(
    [0] => solution
    [1] => time
    [2] => success
    [3] => from_header
    [4] => to_header
    [5] => cc_header
    [6] => reply_to_header
    [7] => transport_uri
    [8] => original_to
    [9] => original_subject
    [10] => original_message
    [11] => original_headers
    [12] => session_transcript
)

[14-07-2025 12:46:26] ->Info: `migrate_logs` Migrating Log: Array
(
    [0] => solution
    [1] => time
    [2] => success
    [3] => from_header
    [4] => to_header
    [5] => cc_header
    [6] => reply_to_header
    [7] => transport_uri
    [8] => original_to
    [9] => original_subject
    [10] => original_message
    [11] => original_headers
    [12] => session_transcript
)

[14-07-2025 12:46:26] ->Info: `migrate_logs` Log migrated
[14-07-2025 12:46:26] ->Info: `migrate_logs` Remove extra keys if contains: Array
(
    [0] => solution
    [1] => time
    [2] => success
    [3] => from_header
    [4] => to_header
    [5] => cc_header
    [6] => reply_to_header
    [7] => transport_uri
    [8] => original_to
    [9] => original_subject
    [10] => original_message
    [11] => original_headers
    [12] => session_transcript
)

[14-07-2025 12:46:26] ->Info: `migrate_logs` Migrating Log: Array
(
    [0] => solution
    [1] => time
    [2] => success
    [3] => from_header
    [4] => to_header
    [5] => cc_header
    [6] => reply_to_header
    [7] => transport_uri
    [8] => original_to
    [9] => original_subject
    [10] => original_message
    [11] => original_headers
    [12] => session_transcript
)

[14-07-2025 12:46:26] ->Info: `migrate_logs` Log migrated
[14-07-2025 12:46:26] ->Info: `migrate_logs` Remove extra keys if contains: Array
(
    [0] => solution
    [1] => time
    [2] => success
    [3] => from_header
    [4] => to_header
    [5] => cc_header
    [6] => reply_to_header
    [7] => transport_uri
    [8] => original_to
    [9] => original_subject
    [10] => original_message
    [11] => original_headers
    [12] => session_transcript
)

[14-07-2025 12:46:26] ->Info: `migrate_logs` Migrating Log: Array
(
    [0] => solution
    [1] => time
    [2] => success
    [3] => from_header
    [4] => to_header
    [5] => cc_header
    [6] => reply_to_header
    [7] => transport_uri
    [8] => original_to
    [9] => original_subject
    [10] => original_message
    [11] => original_headers
    [12] => session_transcript
)

[14-07-2025 12:46:26] ->Info: `migrate_logs` Log migrated
[14-07-2025 12:46:26] ->Info: `migrate_logs` Remove extra keys if contains: Array
(
    [0] => solution
    [1] => time
    [2] => success
    [3] => from_header
    [4] => to_header
    [5] => cc_header
    [6] => reply_to_header
    [7] => transport_uri
    [8] => original_to
    [9] => original_subject
    [10] => original_message
    [11] => original_headers
    [12] => session_transcript
)

[14-07-2025 12:46:26] ->Info: `migrate_logs` Migrating Log: Array
(
    [0] => solution
    [1] => time
    [2] => success
    [3] => from_header
    [4] => to_header
    [5] => cc_header
    [6] => reply_to_header
    [7] => transport_uri
    [8] => original_to
    [9] => original_subject
    [10] => original_message
    [11] => original_headers
    [12] => session_transcript
)

[14-07-2025 12:46:26] ->Info: `migrate_logs` Log migrated
[14-07-2025 12:46:26] ->Info: `migrate_logs` Remove extra keys if contains: Array
(
    [0] => solution
    [1] => time
    [2] => success
    [3] => from_header
    [4] => to_header
    [5] => cc_header
    [6] => reply_to_header
    [7] => transport_uri
    [8] => original_to
    [9] => original_subject
    [10] => original_message
    [11] => original_headers
    [12] => session_transcript
)

[14-07-2025 12:46:26] ->Info: `migrate_logs` Migrating Log: Array
(
    [0] => solution
    [1] => time
    [2] => success
    [3] => from_header
    [4] => to_header
    [5] => cc_header
    [6] => reply_to_header
    [7] => transport_uri
    [8] => original_to
    [9] => original_subject
    [10] => original_message
    [11] => original_headers
    [12] => session_transcript
)

[14-07-2025 12:46:26] ->Info: `migrate_logs` Log migrated
[14-07-2025 12:46:26] ->Info: `migrate_logs` Remove extra keys if contains: Array
(
    [0] => solution
    [1] => time
    [2] => success
    [3] => from_header
    [4] => to_header
    [5] => cc_header
    [6] => reply_to_header
    [7] => transport_uri
    [8] => original_to
    [9] => original_subject
    [10] => original_message
    [11] => original_headers
    [12] => session_transcript
)

[14-07-2025 12:46:26] ->Info: `migrate_logs` Migrating Log: Array
(
    [0] => solution
    [1] => time
    [2] => success
    [3] => from_header
    [4] => to_header
    [5] => cc_header
    [6] => reply_to_header
    [7] => transport_uri
    [8] => original_to
    [9] => original_subject
    [10] => original_message
    [11] => original_headers
    [12] => session_transcript
)

[14-07-2025 12:46:26] ->Info: `migrate_logs` Log migrated
[14-07-2025 12:46:26] ->Info: `migrate_logs` Remove extra keys if contains: Array
(
    [0] => solution
    [1] => time
    [2] => success
    [3] => from_header
    [4] => to_header
    [5] => cc_header
    [6] => reply_to_header
    [7] => transport_uri
    [8] => original_to
    [9] => original_subject
    [10] => original_message
    [11] => original_headers
    [12] => session_transcript
)

[14-07-2025 12:46:26] ->Info: `migrate_logs` Migrating Log: Array
(
    [0] => solution
    [1] => time
    [2] => success
    [3] => from_header
    [4] => to_header
    [5] => cc_header
    [6] => reply_to_header
    [7] => transport_uri
    [8] => original_to
    [9] => original_subject
    [10] => original_message
    [11] => original_headers
    [12] => session_transcript
)

[14-07-2025 12:46:26] ->Info: `migrate_logs` Log migrated
[14-07-2025 12:46:26] ->Info: `migrate_logs` Remove extra keys if contains: Array
(
    [0] => solution
    [1] => time
    [2] => success
    [3] => from_header
    [4] => to_header
    [5] => cc_header
    [6] => reply_to_header
    [7] => transport_uri
    [8] => original_to
    [9] => original_subject
    [10] => original_message
    [11] => original_headers
    [12] => session_transcript
)

[14-07-2025 12:46:26] ->Info: `migrate_logs` Migrating Log: Array
(
    [0] => solution
    [1] => time
    [2] => success
    [3] => from_header
    [4] => to_header
    [5] => cc_header
    [6] => reply_to_header
    [7] => transport_uri
    [8] => original_to
    [9] => original_subject
    [10] => original_message
    [11] => original_headers
    [12] => session_transcript
)

[14-07-2025 12:46:26] ->Info: `migrate_logs` Log migrated
[14-07-2025 12:46:26] ->Info: `migrate_logs` Remove extra keys if contains: Array
(
    [0] => solution
    [1] => time
    [2] => success
    [3] => from_header
    [4] => to_header
    [5] => transport_uri
    [6] => original_to
    [7] => original_subject
    [8] => original_message
    [9] => original_headers
    [10] => session_transcript
)

[14-07-2025 12:46:26] ->Info: `migrate_logs` Migrating Log: Array
(
    [0] => solution
    [1] => time
    [2] => success
    [3] => from_header
    [4] => to_header
    [5] => transport_uri
    [6] => original_to
    [7] => original_subject
    [8] => original_message
    [9] => original_headers
    [10] => session_transcript
)

[14-07-2025 12:46:26] ->Info: `migrate_logs` Log migrated
[14-07-2025 12:46:26] ->Info: `migrate_logs` Remove extra keys if contains: Array
(
    [0] => solution
    [1] => time
    [2] => success
    [3] => from_header
    [4] => to_header
    [5] => transport_uri
    [6] => original_to
    [7] => original_subject
    [8] => original_message
    [9] => original_headers
    [10] => session_transcript
)

[14-07-2025 12:46:26] ->Info: `migrate_logs` Migrating Log: Array
(
    [0] => solution
    [1] => time
    [2] => success
    [3] => from_header
    [4] => to_header
    [5] => transport_uri
    [6] => original_to
    [7] => original_subject
    [8] => original_message
    [9] => original_headers
    [10] => session_transcript
)

[14-07-2025 12:46:26] ->Info: `migrate_logs` Log migrated
[14-07-2025 12:46:26] ->Info: `migrate_logs` Remove extra keys if contains: Array
(
    [0] => solution
    [1] => time
    [2] => success
    [3] => from_header
    [4] => to_header
    [5] => cc_header
    [6] => reply_to_header
    [7] => transport_uri
    [8] => original_to
    [9] => original_subject
    [10] => original_message
    [11] => original_headers
    [12] => session_transcript
)

[14-07-2025 12:46:26] ->Info: `migrate_logs` Migrating Log: Array
(
    [0] => solution
    [1] => time
    [2] => success
    [3] => from_header
    [4] => to_header
    [5] => cc_header
    [6] => reply_to_header
    [7] => transport_uri
    [8] => original_to
    [9] => original_subject
    [10] => original_message
    [11] => original_headers
    [12] => session_transcript
)

[14-07-2025 12:46:26] ->Info: `migrate_logs` Log migrated
[14-07-2025 12:46:26] ->Info: `migrate_logs` Remove extra keys if contains: Array
(
    [0] => solution
    [1] => time
    [2] => success
    [3] => from_header
    [4] => to_header
    [5] => cc_header
    [6] => reply_to_header
    [7] => transport_uri
    [8] => original_to
    [9] => original_subject
    [10] => original_message
    [11] => original_headers
    [12] => session_transcript
)

[14-07-2025 12:46:26] ->Info: `migrate_logs` Migrating Log: Array
(
    [0] => solution
    [1] => time
    [2] => success
    [3] => from_header
    [4] => to_header
    [5] => cc_header
    [6] => reply_to_header
    [7] => transport_uri
    [8] => original_to
    [9] => original_subject
    [10] => original_message
    [11] => original_headers
    [12] => session_transcript
)

[14-07-2025 12:46:26] ->Info: `migrate_logs` Log migrated
[14-07-2025 12:46:26] ->Info: `migrate_logs` Remove extra keys if contains: Array
(
    [0] => solution
    [1] => time
    [2] => success
    [3] => from_header
    [4] => to_header
    [5] => cc_header
    [6] => reply_to_header
    [7] => transport_uri
    [8] => original_to
    [9] => original_subject
    [10] => original_message
    [11] => original_headers
    [12] => session_transcript
)

[14-07-2025 12:46:26] ->Info: `migrate_logs` Migrating Log: Array
(
    [0] => solution
    [1] => time
    [2] => success
    [3] => from_header
    [4] => to_header
    [5] => cc_header
    [6] => reply_to_header
    [7] => transport_uri
    [8] => original_to
    [9] => original_subject
    [10] => original_message
    [11] => original_headers
    [12] => session_transcript
)

[14-07-2025 12:46:26] ->Info: `migrate_logs` Log migrated
[14-07-2025 12:46:26] ->Info: `migrate_logs` Remove extra keys if contains: Array
(
    [0] => solution
    [1] => time
    [2] => success
    [3] => from_header
    [4] => to_header
    [5] => cc_header
    [6] => reply_to_header
    [7] => transport_uri
    [8] => original_to
    [9] => original_subject
    [10] => original_message
    [11] => original_headers
    [12] => session_transcript
)

[14-07-2025 12:46:26] ->Info: `migrate_logs` Migrating Log: Array
(
    [0] => solution
    [1] => time
    [2] => success
    [3] => from_header
    [4] => to_header
    [5] => cc_header
    [6] => reply_to_header
    [7] => transport_uri
    [8] => original_to
    [9] => original_subject
    [10] => original_message
    [11] => original_headers
    [12] => session_transcript
)

[14-07-2025 12:46:26] ->Info: `migrate_logs` Log migrated
[14-07-2025 12:46:26] ->Info: `migrate_logs` Remove extra keys if contains: Array
(
    [0] => solution
    [1] => time
    [2] => success
    [3] => from_header
    [4] => to_header
    [5] => cc_header
    [6] => reply_to_header
    [7] => transport_uri
    [8] => original_to
    [9] => original_subject
    [10] => original_message
    [11] => original_headers
    [12] => session_transcript
)

[14-07-2025 12:46:26] ->Info: `migrate_logs` Migrating Log: Array
(
    [0] => solution
    [1] => time
    [2] => success
    [3] => from_header
    [4] => to_header
    [5] => cc_header
    [6] => reply_to_header
    [7] => transport_uri
    [8] => original_to
    [9] => original_subject
    [10] => original_message
    [11] => original_headers
    [12] => session_transcript
)

[14-07-2025 12:46:26] ->Info: `migrate_logs` Log migrated
[14-07-2025 12:46:26] ->Info: `migrate_logs` All logs migrated
